Sat Jun 10 2023 15:53:29 [❌ error] error: ❌ globalErrorHandler [
  {
    "code": "invalid_type",
    "expected": "string",
    "received": "undefined",
    "path": [
      "body",
      "role"
    ],
    "message": "role is required"
  }
]
Sat Jun 10 2023 15:54:10 [❌ error] error: ❌ globalErrorHandler [
  {
    "code": "invalid_type",
    "expected": "string",
    "received": "undefined",
    "path": [
      "body",
      "role"
    ],
    "message": "role is required"
  }
]
Sat Jun 10 2023 15:57:49 [❌ error] error: ❌ globalErrorHandler User validation failed: role: Path `role` is required.
