Mon Jun 12 2023 13:1:7 [❌ error] error: ❌ globalErrorHandler [
  {
    "received": "0s1",
    "code": "invalid_enum_value",
    "options": [
      "01",
      "02",
      "03"
    ],
    "path": [
      "body",
      "code"
    ],
    "message": "Invalid enum value. Expected '01' | '02' | '03', received '0s1'"
  }
]
Mon Jun 12 2023 13:13:23 [❌ error] error: ❌ globalErrorHandler [
  {
    "received": "d01",
    "code": "invalid_enum_value",
    "options": [
      "01",
      "02",
      "03"
    ],
    "path": [
      "body",
      "code"
    ],
    "message": "Invalid enum value. Expected '01' | '02' | '03', received 'd01'"
  }
]
