Sun Jun 11 2023 12:2:44 [❌ error] error: ❌ globalErrorHandler [
  {
    "code": "invalid_type",
    "expected": "string",
    "received": "undefined",
    "path": [
      "body",
      "role"
    ],
    "message": "role is required"
  }
]
Sun Jun 11 2023 12:30:22 [❌ error] error: ❌ globalErrorHandler [
  {
    "code": "invalid_type",
    "expected": "string",
    "received": "undefined",
    "path": [
      "body",
      "role"
    ],
    "message": "role is required"
  }
]
Sun Jun 11 2023 12:31:13 [❌ error] error: ❌ globalErrorHandler [
  {
    "code": "invalid_type",
    "expected": "string",
    "received": "undefined",
    "path": [
      "body",
      "role"
    ],
    "message": "role is required"
  }
]
Sun Jun 11 2023 12:50:23 [❌ error] error: ❌ globalErrorHandler [
  {
    "code": "invalid_type",
    "expected": "string",
    "received": "undefined",
    "path": [
      "body",
      "role"
    ],
    "message": "role is required"
  }
]
Sun Jun 11 2023 12:50:55 [❌ error] error: ❌ globalErrorHandler [
  {
    "code": "invalid_type",
    "expected": "string",
    "received": "undefined",
    "path": [
      "body",
      "role"
    ],
    "message": "role is required"
  }
]
