Mon Jun 12 2023 12:12:20 [❌ error] error: ❌ globalErrorHandler [
  {
    "code": "invalid_type",
    "expected": "number",
    "received": "undefined",
    "path": [
      "body",
      "year"
    ],
    "message": "Year is required"
  }
]
Mon Jun 12 2023 12:26:27 [❌ error] error: ❌ globalErrorHandler [
  {
    "code": "invalid_type",
    "expected": "string",
    "received": "undefined",
    "path": [
      "body",
      "role"
    ],
    "message": "role is required"
  }
]
Mon Jun 12 2023 12:28:12 [❌ error] error: ❌ globalErrorHandler [
  {
    "received": "01f",
    "code": "invalid_enum_value",
    "options": [
      "01",
      "02",
      "03"
    ],
    "path": [
      "body",
      "code"
    ],
    "message": "Invalid enum value. Expected '01' | '02' | '03', received '01f'"
  }
]
Mon Jun 12 2023 12:32:37 [❌ error] error: ❌ globalErrorHandler [
  {
    "expected": "'Autumn' | 'Summer' | 'Fall'",
    "received": "undefined",
    "code": "invalid_type",
    "path": [
      "body",
      "title"
    ],
    "message": "Title is required"
  }
]
Mon Jun 12 2023 12:33:4 [❌ error] error: ❌ globalErrorHandler Unexpected number in JSON at position 57
Mon Jun 12 2023 12:33:10 [❌ error] error: ❌ globalErrorHandler [
  {
    "expected": "'Autumn' | 'Summer' | 'Fall'",
    "received": "undefined",
    "code": "invalid_type",
    "path": [
      "body",
      "title"
    ],
    "message": "Title is required"
  }
]
Mon Jun 12 2023 12:33:42 [❌ error] error: ❌ globalErrorHandler [
  {
    "expected": "'Autumn' | 'Summer' | 'Fall'",
    "received": "undefined",
    "code": "invalid_type",
    "path": [
      "body",
      "title"
    ],
    "message": "Title is required"
  }
]
Mon Jun 12 2023 12:45:50 [❌ error] error: ❌ globalErrorHandler [
  {
    "expected": "'January' | 'February' | 'March' | 'April' | 'May' | 'June' | 'July' | 'August' | 'September' | 'October' | 'November' | 'December'",
    "received": "undefined",
    "code": "invalid_type",
    "path": [
      "body",
      "endMonth"
    ],
    "message": "EndMonth is required"
  }
]
Mon Jun 12 2023 12:46:21 [❌ error] error: ❌ globalErrorHandler [
  {
    "received": "1",
    "code": "invalid_enum_value",
    "options": [
      "01",
      "02",
      "03"
    ],
    "path": [
      "body",
      "code"
    ],
    "message": "Invalid enum value. Expected '01' | '02' | '03', received '1'"
  }
]
Mon Jun 12 2023 12:50:39 [❌ error] error: ❌ globalErrorHandler [
  {
    "received": "014",
    "code": "invalid_enum_value",
    "options": [
      "01",
      "02",
      "03"
    ],
    "path": [
      "body",
      "code"
    ],
    "message": "Invalid enum value. Expected '01' | '02' | '03', received '014'"
  }
]
Mon Jun 12 2023 12:54:53 [❌ error] error: ❌ globalErrorHandler [
  {
    "code": "invalid_type",
    "expected": "string",
    "received": "undefined",
    "path": [
      "body",
      "role"
    ],
    "message": "role is required"
  }
]
Mon Jun 12 2023 12:55:44 [❌ error] error: ❌ globalErrorHandler [
  {
    "code": "invalid_type",
    "expected": "number",
    "received": "string",
    "path": [
      "body",
      "year"
    ],
    "message": "Expected number, received string"
  }
]
Mon Jun 12 2023 12:55:53 [❌ error] error: ❌ globalErrorHandler [
  {
    "code": "invalid_type",
    "expected": "number",
    "received": "string",
    "path": [
      "body",
      "year"
    ],
    "message": "Expected number, received string"
  }
]
Mon Jun 12 2023 12:57:57 [❌ error] error: ❌ globalErrorHandler [
  {
    "code": "invalid_type",
    "expected": "number",
    "received": "string",
    "path": [
      "body",
      "year"
    ],
    "message": "Expected number, received string"
  },
  {
    "received": "0s1",
    "code": "invalid_enum_value",
    "options": [
      "01",
      "02",
      "03"
    ],
    "path": [
      "body",
      "code"
    ],
    "message": "Invalid enum value. Expected '01' | '02' | '03', received '0s1'"
  }
]
Mon Jun 12 2023 12:58:12 [❌ error] error: ❌ globalErrorHandler [
  {
    "received": "0s1",
    "code": "invalid_enum_value",
    "options": [
      "01",
      "02",
      "03"
    ],
    "path": [
      "body",
      "code"
    ],
    "message": "Invalid enum value. Expected '01' | '02' | '03', received '0s1'"
  }
]
