Wed Jun 14 2023 15:10:21 [❌ error] error: ❌ globalErrorHandler Cast to ObjectId failed for value "64895a05809715823b49885" (type string) at path "_id" for model "AcademicSemester"
Wed Jun 14 2023 15:10:37 [❌ error] error: ❌ globalErrorHandler Cast to ObjectId failed for value "64895a05809715823b49885" (type string) at path "_id" for model "AcademicSemester"
Wed Jun 14 2023 15:10:56 [❌ error] error: ❌ globalErrorHandler Cast to ObjectId failed for value "64895a05809715823b49885" (type string) at path "_id" for model "AcademicSemester"
Wed Jun 14 2023 15:37:18 [❌ error] error: ❌ globalErrorHandler Cast to ObjectId failed for value "64895a27f5a25fdcef8c470" (type string) at path "_id" for model "AcademicSemester"
Wed Jun 14 2023 15:37:36 [❌ error] error: ❌ globalErrorHandler Cannot set headers after they are sent to the client
Wed Jun 14 2023 15:56:12 [❌ error] error: ❌ globalErrorHandler [
  {
    "expected": "'01' | '02' | '03'",
    "received": "undefined",
    "code": "invalid_type",
    "path": [
      "body",
      "code"
    ],
    "message": "Required"
  },
  {
    "expected": "'January' | 'February' | 'March' | 'April' | 'May' | 'June' | 'July' | 'August' | 'September' | 'October' | 'November' | 'December'",
    "received": "undefined",
    "code": "invalid_type",
    "path": [
      "body",
      "startMonth"
    ],
    "message": "Start month is needed"
  },
  {
    "expected": "'January' | 'February' | 'March' | 'April' | 'May' | 'June' | 'July' | 'August' | 'September' | 'October' | 'November' | 'December'",
    "received": "undefined",
    "code": "invalid_type",
    "path": [
      "body",
      "endMonth"
    ],
    "message": "End month is needed"
  }
]
Wed Jun 14 2023 15:58:58 [❌ error] error: ❌ globalErrorHandler [
  {
    "code": "custom",
    "message": " Either both title & code should be provided",
    "path": []
  }
]
