{"level":"info","message":"database connected","service":"user-service"}
{"level":"info","message":"Application listening on port 5000","service":"user-service"}
{"level":"info","message":"database connected","service":"user-service"}
{"level":"info","message":"Application listening on port 5000","service":"user-service"}
{"level":"info","message":"database connected","service":"user-service"}
{"level":"info","message":"Application listening on port 5000","service":"user-service"}
{
  message: 'database connected',
  level: 'info',
  service: 'user-service',
  label: 'right meow!',
  timestamp: '2023-06-06T09:33:41.911Z'
}
{
  message: 'Application listening on port 5000',
  level: 'info',
  service: 'user-service',
  label: 'right meow!',
  timestamp: '2023-06-06T09:33:41.928Z'
}
{
  message: 'database connected',
  level: 'info',
  service: 'user-service',
  label: 'right meow!',
  timestamp: '2023-06-06T09:33:47.563Z'
}
{
  message: 'Application listening on port 5000',
  level: 'info',
  service: 'user-service',
  label: 'right meow!',
  timestamp: '2023-06-06T09:33:47.590Z'
}
{
  message: 'database connected',
  level: 'info',
  service: 'user-service',
  label: 'success!',
  timestamp: '2023-06-06T09:35:57.136Z'
}
{
  message: 'Application listening on port 5000',
  level: 'info',
  service: 'user-service',
  label: 'success!',
  timestamp: '2023-06-06T09:35:57.153Z'
}
{
  message: 'database connected',
  level: 'info',
  service: 'user-service',
  label: '✅ success!',
  timestamp: '2023-06-06T09:36:30.905Z'
}
{
  message: 'Application listening on port 5000',
  level: 'info',
  service: 'user-service',
  label: '✅ success!',
  timestamp: '2023-06-06T09:36:30.926Z'
}
2023-06-06T09:39:06.554Z [✅ success!] info: database connected
2023-06-06T09:39:06.566Z [✅ success!] info: Application listening on port 5000
function toDateString() { [native code] } 15 43 [✅ success!] info: database connected
function toDateString() { [native code] } 15 43 [✅ success!] info: Application listening on port 5000
function toDateString() { [native code] } 15:43 [✅ success!] info: database connected
function toDateString() { [native code] } 15:43 [✅ success!] info: Application listening on port 5000
Tue Jun 06 2023 15:44 [✅ success!] info: database connected
Tue Jun 06 2023 15:44 [✅ success!] info: Application listening on port 5000
Tue Jun 06 2023 15:44 [✅ success!] info: database connected
Tue Jun 06 2023 15:44 [✅ success!] info: Application listening on port 5000
Tue Jun 06 2023 15:44:58 [✅ success!] info: database connected
Tue Jun 06 2023 15:44:58 [✅ success!] info: Application listening on port 5000
Tue Jun 06 2023 15:51:17 [✅ success!] info: database connected
Tue Jun 06 2023 15:51:17 [✅ success!] info: Application listening on port 5000
